<?xml version="1.0" encoding="UTF-8"?>
<testsuite xmlns:xsi="http://www.w3.org/2001/XMLSchema-instance" xsi:noNamespaceSchemaLocation="https://maven.apache.org/surefire/maven-surefire-plugin/xsd/surefire-test-report-3.0.xsd" version="3.0" name="com.sebshader.roman.RomanNumeralsTest" time="0.496" tests="29" errors="0" skipped="0" failures="0">
  <properties>
[...]
</properties>
  <testcase name="stringExceptionTest(String)[1]" classname="com.sebshader.roman.RomanNumeralsTest" time="0.083"/>
  <testcase name="stringExceptionTest(String)[2]" classname="com.sebshader.roman.RomanNumeralsTest" time="0.005"/>
  <testcase name="stringExceptionTest(String)[3]" classname="com.sebshader.roman.RomanNumeralsTest" time="0.002"/>
  <testcase name="stringExceptionTest(String)[4]" classname="com.sebshader.roman.RomanNumeralsTest" time="0.003"/>
  <testcase name="stringExceptionTest(String)[5]" classname="com.sebshader.roman.RomanNumeralsTest" time="0.004"/>
  <testcase name="stringExceptionTest(String)[6]" classname="com.sebshader.roman.RomanNumeralsTest" time="0.003"/>
  <testcase name="stringExceptionTest(String)[7]" classname="com.sebshader.roman.RomanNumeralsTest" time="0.002"/>
  <testcase name="stringExceptionTest(String)[8]" classname="com.sebshader.roman.RomanNumeralsTest" time="0.003"/>
  <testcase name="stringExceptionTest(String)[9]" classname="com.sebshader.roman.RomanNumeralsTest" time="0.003"/>
  <testcase name="stringExceptionTest(String)[10]" classname="com.sebshader.roman.RomanNumeralsTest" time="0.002"/>
  <testcase name="stringExceptionTest(String)[11]" classname="com.sebshader.roman.RomanNumeralsTest" time="0.003"/>
  <testcase name="stringExceptionTest(String)[12]" classname="com.sebshader.roman.RomanNumeralsTest" time="0.002"/>
  <testcase name="stringExceptionTest(String)[13]" classname="com.sebshader.roman.RomanNumeralsTest" time="0.002"/>
  <testcase name="intExceptionTest(int)[1]" classname="com.sebshader.roman.RomanNumeralsTest" time="0.003"/>
  <testcase name="intExceptionTest(int)[2]" classname="com.sebshader.roman.RomanNumeralsTest" time="0.003"/>
  <testcase name="intExceptionTest(int)[3]" classname="com.sebshader.roman.RomanNumeralsTest" time="0.002"/>
  <testcase name="toStringTest(int, String)[1]" classname="com.sebshader.roman.RomanNumeralsTest" time="0.004"/>
  <testcase name="toStringTest(int, String)[2]" classname="com.sebshader.roman.RomanNumeralsTest" time="0.002"/>
  <testcase name="toStringTest(int, String)[3]" classname="com.sebshader.roman.RomanNumeralsTest" time="0.002"/>
  <testcase name="toStringTest(int, String)[4]" classname="com.sebshader.roman.RomanNumeralsTest" time="0.003"/>
  <testcase name="toStringTest(int, String)[5]" classname="com.sebshader.roman.RomanNumeralsTest" time="0.002"/>
  <testcase name="toStringTest(String, int)[1]" classname="com.sebshader.roman.RomanNumeralsTest" time="0.002"/>
  <testcase name="toStringTest(String, int)[2]" classname="com.sebshader.roman.RomanNumeralsTest" time="0.003"/>
  <testcase name="toStringTest(String, int)[3]" classname="com.sebshader.roman.RomanNumeralsTest" time="0.006"/>
  <testcase name="toStringTest(String, int)[4]" classname="com.sebshader.roman.RomanNumeralsTest" time="0.002"/>
  <testcase name="toStringTest(String, int)[5]" classname="com.sebshader.roman.RomanNumeralsTest" time="0.007"/>
  <testcase name="toStringTest(String, int)[6]" classname="com.sebshader.roman.RomanNumeralsTest" time="0.002"/>
  <testcase name="toStringTest(String, int)[7]" classname="com.sebshader.roman.RomanNumeralsTest" time="0.002"/>
  <testcase name="toStringTest(String, int)[8]" classname="com.sebshader.roman.RomanNumeralsTest" time="0.002"/>
</testsuite>